[debug] [2021-05-30T11:48:07.599Z] ----------------------------------------------------------------------
[debug] [2021-05-30T11:48:07.601Z] Command:       /usr/local/Cellar/node@10/10.22.1/bin/node /usr/local/bin/firebase deploy --only functions
[debug] [2021-05-30T11:48:07.602Z] CLI Version:   9.12.0
[debug] [2021-05-30T11:48:07.602Z] Platform:      darwin
[debug] [2021-05-30T11:48:07.602Z] Node Version:  v10.22.1
[debug] [2021-05-30T11:48:07.603Z] Time:          Sun May 30 2021 13:48:07 GMT+0200 (Středoevropský letní čas)
[debug] [2021-05-30T11:48:07.603Z] ----------------------------------------------------------------------
[debug] 
[debug] [2021-05-30T11:48:07.618Z] > command requires scopes: ["email","openid","https://www.googleapis.com/auth/cloudplatformprojects.readonly","https://www.googleapis.com/auth/firebase","https://www.googleapis.com/auth/cloud-platform"]
[debug] [2021-05-30T11:48:07.618Z] > authorizing via signed-in user (najizdu@gmail.com)
[debug] [2021-05-30T11:48:07.619Z] [iam] checking project fireblogs-d5b62 for permissions ["cloudfunctions.functions.create","cloudfunctions.functions.delete","cloudfunctions.functions.get","cloudfunctions.functions.list","cloudfunctions.functions.update","cloudfunctions.operations.get","firebase.projects.get"]
[debug] [2021-05-30T11:48:07.621Z] >>> HTTP REQUEST POST https://cloudresourcemanager.googleapis.com/v1/projects/fireblogs-d5b62:testIamPermissions  
 {"permissions":["cloudfunctions.functions.create","cloudfunctions.functions.delete","cloudfunctions.functions.get","cloudfunctions.functions.list","cloudfunctions.functions.update","cloudfunctions.operations.get","firebase.projects.get"]}
[debug] [2021-05-30T11:48:09.209Z] <<< HTTP RESPONSE 200 {"content-type":"application/json; charset=UTF-8","vary":"X-Origin, Referer, Origin,Accept-Encoding","date":"Sun, 30 May 2021 11:48:08 GMT","server":"ESF","cache-control":"private","x-xss-protection":"0","x-frame-options":"SAMEORIGIN","x-content-type-options":"nosniff","server-timing":"gfet4t7; dur=651","alt-svc":"h3-29=\":443\"; ma=2592000,h3-T051=\":443\"; ma=2592000,h3-Q050=\":443\"; ma=2592000,h3-Q046=\":443\"; ma=2592000,h3-Q043=\":443\"; ma=2592000,quic=\":443\"; ma=2592000; v=\"46,43\"","accept-ranges":"none","transfer-encoding":"chunked"}
[debug] [2021-05-30T11:48:09.212Z] >>> HTTP REQUEST POST https://iam.googleapis.com/v1/projects/fireblogs-d5b62/serviceAccounts/fireblogs-d5b62@appspot.gserviceaccount.com:testIamPermissions  
 {"permissions":["iam.serviceAccounts.actAs"]}
[debug] [2021-05-30T11:48:10.091Z] <<< HTTP RESPONSE 200 {"content-type":"application/json; charset=UTF-8","vary":"X-Origin, Referer, Origin,Accept-Encoding","date":"Sun, 30 May 2021 11:48:10 GMT","server":"ESF","cache-control":"private","x-xss-protection":"0","x-frame-options":"SAMEORIGIN","x-content-type-options":"nosniff","alt-svc":"h3-29=\":443\"; ma=2592000,h3-T051=\":443\"; ma=2592000,h3-Q050=\":443\"; ma=2592000,h3-Q046=\":443\"; ma=2592000,h3-Q043=\":443\"; ma=2592000,quic=\":443\"; ma=2592000; v=\"46,43\"","accept-ranges":"none","transfer-encoding":"chunked"}
[info] 
[info] === Deploying to 'fireblogs-d5b62'...
[info] 
[info] i  deploying functions 
[info] i  functions: ensuring required API cloudfunctions.googleapis.com is enabled... 
[info] i  functions: ensuring required API cloudbuild.googleapis.com is enabled... 
[debug] [2021-05-30T11:48:13.601Z] >>> HTTP REQUEST GET https://serviceusage.googleapis.com/v1/projects/fireblogs-d5b62/services/cloudfunctions.googleapis.com  
 
[debug] [2021-05-30T11:48:13.602Z] >>> HTTP REQUEST GET https://serviceusage.googleapis.com/v1/projects/fireblogs-d5b62/services/runtimeconfig.googleapis.com  
 
[debug] [2021-05-30T11:48:13.603Z] >>> HTTP REQUEST GET https://serviceusage.googleapis.com/v1/projects/fireblogs-d5b62/services/cloudbuild.googleapis.com  
 
[debug] [2021-05-30T11:48:15.141Z] <<< HTTP RESPONSE 200 {"content-type":"application/json; charset=UTF-8","vary":"X-Origin, Referer, Origin,Accept-Encoding","date":"Sun, 30 May 2021 11:48:14 GMT","server":"ESF","cache-control":"private","x-xss-protection":"0","x-frame-options":"SAMEORIGIN","x-content-type-options":"nosniff","alt-svc":"h3-29=\":443\"; ma=2592000,h3-T051=\":443\"; ma=2592000,h3-Q050=\":443\"; ma=2592000,h3-Q046=\":443\"; ma=2592000,h3-Q043=\":443\"; ma=2592000,quic=\":443\"; ma=2592000; v=\"46,43\"","accept-ranges":"none","transfer-encoding":"chunked"}
[debug] [2021-05-30T11:48:15.143Z] <<< HTTP RESPONSE 200 {"content-type":"application/json; charset=UTF-8","vary":"X-Origin, Referer, Origin,Accept-Encoding","date":"Sun, 30 May 2021 11:48:14 GMT","server":"ESF","cache-control":"private","x-xss-protection":"0","x-frame-options":"SAMEORIGIN","x-content-type-options":"nosniff","alt-svc":"h3-29=\":443\"; ma=2592000,h3-T051=\":443\"; ma=2592000,h3-Q050=\":443\"; ma=2592000,h3-Q046=\":443\"; ma=2592000,h3-Q043=\":443\"; ma=2592000,quic=\":443\"; ma=2592000; v=\"46,43\"","accept-ranges":"none","transfer-encoding":"chunked"}
[warn] ⚠  functions: missing required API cloudbuild.googleapis.com. Enabling now... 
[debug] [2021-05-30T11:48:15.145Z] >>> HTTP REQUEST POST https://serviceusage.googleapis.com/v1/projects/fireblogs-d5b62/services/cloudbuild.googleapis.com:enable  
 
[debug] [2021-05-30T11:48:15.187Z] <<< HTTP RESPONSE 200 {"content-type":"application/json; charset=UTF-8","vary":"X-Origin, Referer, Origin,Accept-Encoding","date":"Sun, 30 May 2021 11:48:14 GMT","server":"ESF","cache-control":"private","x-xss-protection":"0","x-frame-options":"SAMEORIGIN","x-content-type-options":"nosniff","alt-svc":"h3-29=\":443\"; ma=2592000,h3-T051=\":443\"; ma=2592000,h3-Q050=\":443\"; ma=2592000,h3-Q046=\":443\"; ma=2592000,h3-Q043=\":443\"; ma=2592000,quic=\":443\"; ma=2592000; v=\"46,43\"","accept-ranges":"none","transfer-encoding":"chunked"}
[info] ✔  functions: required API cloudfunctions.googleapis.com is enabled 
[debug] [2021-05-30T11:48:16.889Z] <<< HTTP RESPONSE 200 {"content-type":"application/json; charset=UTF-8","vary":"X-Origin, Referer, Origin,Accept-Encoding","date":"Sun, 30 May 2021 11:48:16 GMT","server":"ESF","cache-control":"private","x-xss-protection":"0","x-frame-options":"SAMEORIGIN","x-content-type-options":"nosniff","alt-svc":"h3-29=\":443\"; ma=2592000,h3-T051=\":443\"; ma=2592000,h3-Q050=\":443\"; ma=2592000,h3-Q046=\":443\"; ma=2592000,h3-Q043=\":443\"; ma=2592000,quic=\":443\"; ma=2592000; v=\"46,43\"","accept-ranges":"none","transfer-encoding":"chunked"}
[debug] [2021-05-30T11:48:26.905Z] >>> HTTP REQUEST GET https://serviceusage.googleapis.com/v1/projects/fireblogs-d5b62/services/cloudbuild.googleapis.com  
 
[debug] [2021-05-30T11:48:27.903Z] <<< HTTP RESPONSE 200 {"content-type":"application/json; charset=UTF-8","vary":"X-Origin, Referer, Origin,Accept-Encoding","date":"Sun, 30 May 2021 11:48:27 GMT","server":"ESF","cache-control":"private","x-xss-protection":"0","x-frame-options":"SAMEORIGIN","x-content-type-options":"nosniff","alt-svc":"h3-29=\":443\"; ma=2592000,h3-T051=\":443\"; ma=2592000,h3-Q050=\":443\"; ma=2592000,h3-Q046=\":443\"; ma=2592000,h3-Q043=\":443\"; ma=2592000,quic=\":443\"; ma=2592000; v=\"46,43\"","accept-ranges":"none","transfer-encoding":"chunked"}
[info] ✔  functions: required API cloudbuild.googleapis.com is enabled 
[debug] [2021-05-30T11:48:27.906Z] >>> HTTP REQUEST GET https://firebase.googleapis.com/v1beta1/projects/fireblogs-d5b62/adminSdkConfig  
 
[debug] [2021-05-30T11:48:28.417Z] <<< HTTP RESPONSE 200 {"content-type":"application/json; charset=UTF-8","vary":"X-Origin, Referer, Origin,Accept-Encoding","date":"Sun, 30 May 2021 11:48:28 GMT","server":"ESF","cache-control":"private","x-xss-protection":"0","x-frame-options":"SAMEORIGIN","x-content-type-options":"nosniff","alt-svc":"h3-29=\":443\"; ma=2592000,h3-T051=\":443\"; ma=2592000,h3-Q050=\":443\"; ma=2592000,h3-Q046=\":443\"; ma=2592000,h3-Q043=\":443\"; ma=2592000,quic=\":443\"; ma=2592000; v=\"46,43\"","accept-ranges":"none","transfer-encoding":"chunked"}
[info] i  functions: preparing functions directory for uploading... 
[debug] [2021-05-30T11:48:28.419Z] >>> HTTP REQUEST GET https://runtimeconfig.googleapis.com/v1beta1/projects/fireblogs-d5b62/configs  
 
[debug] [2021-05-30T11:48:28.827Z] <<< HTTP RESPONSE 200 {"content-type":"application/json; charset=UTF-8","vary":"X-Origin, Referer, Origin,Accept-Encoding","date":"Sun, 30 May 2021 11:48:28 GMT","server":"ESF","cache-control":"private","x-xss-protection":"0","x-frame-options":"SAMEORIGIN","x-content-type-options":"nosniff","alt-svc":"h3-29=\":443\"; ma=2592000,h3-T051=\":443\"; ma=2592000,h3-Q050=\":443\"; ma=2592000,h3-Q046=\":443\"; ma=2592000,h3-Q043=\":443\"; ma=2592000,quic=\":443\"; ma=2592000; v=\"46,43\"","accept-ranges":"none","transfer-encoding":"chunked"}
[debug] [2021-05-30T11:48:28.828Z] Analyizing backend with strategy parseJSExports
[info] i  functions: packaged functions (24.3 KB) for uploading 
[debug] [2021-05-30T11:48:29.189Z] > [functions] package.json contents: {
  "name": "functions",
  "description": "Cloud Functions for Firebase",
  "scripts": {
    "serve": "firebase emulators:start --only functions",
    "shell": "firebase functions:shell",
    "start": "npm run shell",
    "deploy": "firebase deploy --only functions",
    "logs": "firebase functions:log"
  },
  "engines": {
    "node": "14"
  },
  "main": "index.js",
  "dependencies": {
    "firebase-admin": "^9.8.0",
    "firebase-functions": "^3.14.1"
  },
  "devDependencies": {
    "firebase-functions-test": "^0.2.0"
  },
  "private": true
}
[debug] [2021-05-30T11:48:29.190Z] >>> HTTP REQUEST GET https://cloudfunctions.googleapis.com/v1/projects/fireblogs-d5b62/locations/-/functions  
 
[debug] [2021-05-30T11:48:29.807Z] <<< HTTP RESPONSE 200 {"content-type":"application/json; charset=UTF-8","vary":"X-Origin, Referer, Origin,Accept-Encoding","date":"Sun, 30 May 2021 11:48:29 GMT","server":"ESF","cache-control":"private","x-xss-protection":"0","x-frame-options":"SAMEORIGIN","x-content-type-options":"nosniff","alt-svc":"h3-29=\":443\"; ma=2592000,h3-T051=\":443\"; ma=2592000,h3-Q050=\":443\"; ma=2592000,h3-Q046=\":443\"; ma=2592000,h3-Q043=\":443\"; ma=2592000,quic=\":443\"; ma=2592000; v=\"46,43\"","accept-ranges":"none","transfer-encoding":"chunked"}
[debug] [2021-05-30T11:48:29.811Z] [functions] found 1 new HTTP functions, testing setIamPolicy permission...
[debug] [2021-05-30T11:48:29.811Z] >>> HTTP REQUEST POST https://cloudresourcemanager.googleapis.com/v1/projects/fireblogs-d5b62:testIamPermissions  
 {"permissions":["cloudfunctions.functions.setIamPolicy"]}
[debug] [2021-05-30T11:48:30.559Z] <<< HTTP RESPONSE 200 {"content-type":"application/json; charset=UTF-8","vary":"X-Origin, Referer, Origin,Accept-Encoding","date":"Sun, 30 May 2021 11:48:30 GMT","server":"ESF","cache-control":"private","x-xss-protection":"0","x-frame-options":"SAMEORIGIN","x-content-type-options":"nosniff","server-timing":"gfet4t7; dur=650","alt-svc":"h3-29=\":443\"; ma=2592000,h3-T051=\":443\"; ma=2592000,h3-Q050=\":443\"; ma=2592000,h3-Q046=\":443\"; ma=2592000,h3-Q043=\":443\"; ma=2592000,quic=\":443\"; ma=2592000; v=\"46,43\"","accept-ranges":"none","transfer-encoding":"chunked"}
[debug] [2021-05-30T11:48:30.560Z] [functions] found setIamPolicy permission, proceeding with deploy
[debug] [2021-05-30T11:48:30.561Z] >>> HTTP REQUEST POST https://cloudfunctions.googleapis.com/v1/projects/fireblogs-d5b62/locations/us-central1/functions:generateUploadUrl  
 
[debug] [2021-05-30T11:48:42.956Z] <<< HTTP RESPONSE 200 {"content-type":"application/json; charset=UTF-8","vary":"X-Origin, Referer, Origin,Accept-Encoding","date":"Sun, 30 May 2021 11:48:42 GMT","server":"ESF","cache-control":"private","x-xss-protection":"0","x-frame-options":"SAMEORIGIN","x-content-type-options":"nosniff","alt-svc":"h3-29=\":443\"; ma=2592000,h3-T051=\":443\"; ma=2592000,h3-Q050=\":443\"; ma=2592000,h3-Q046=\":443\"; ma=2592000,h3-Q043=\":443\"; ma=2592000,quic=\":443\"; ma=2592000; v=\"46,43\"","accept-ranges":"none","transfer-encoding":"chunked"}
[debug] [2021-05-30T11:48:42.958Z] >>> HTTP REQUEST PUT https://storage.googleapis.com/gcf-upload-us-central1-6497fa49-2ccf-478f-b569-0b204f7eb575/586c4267-a77e-495a-a3bd-ca75afb3ecb3.zip?GoogleAccessId=service-198909423048@gcf-admin-robot.iam.gserviceaccount.com&Expires=1622377122&Signature=XSuaR9Ld9W%2BV5Bi9RDyYQYbB3Grqw%2F0Y1dyrsM53vazkikLjzUBQ4TEpJX9%2F9I%2Fi%2F5JiTeJdo9ZQ0bSr9uukO6nyy3hHiuZTqb3ABdw8%2Bwqhlke2%2BpK3a02Eh8IsPWvKgnmYYn9H6nTfghjLOwgzA8APuJUWCJF5zholq8ALApR%2BDKYYcXU7j1wTgK7GZrYAWsJnIq40sS3tT8A1k8Wp%2BXHqfYMd5lW9ZC824DXvGHqoQnqHght4XCfKS4D1HCEXTOTH2kYdNwulCPVwmAQetR5oXx2Cwi9zVOjESa0VTglM988ZUkE%2FfWfRHjNK8qJ%2BqJy8p%2B%2Bd3p3yuBW9cPxm0A%3D%3D  
 <request body omitted>
[debug] [2021-05-30T11:48:43.611Z] <<< HTTP RESPONSE 200 {"x-guploader-uploadid":"ABg5-UyTTpOGgb-QrHg1fzyy3O4oCuCBUAKQVwhmaSo0IDNP2NeH5IkDcZm4UpFDxZ4OoB0zrhwawgGn2DLCUb9A1oMCXTa-7Q","etag":"\"850690922b74d3d420877511c5825e78\"","x-goog-generation":"1622375323625497","x-goog-metageneration":"1","x-goog-hash":"crc32c=IbuBWw==, md5=hQaQkit009Qgh3URxYJeeA==","x-goog-stored-content-length":"24880","x-goog-stored-content-encoding":"identity","vary":"Origin","content-length":"0","date":"Sun, 30 May 2021 11:48:43 GMT","server":"UploadServer","content-type":"text/html; charset=UTF-8","alt-svc":"h3-29=\":443\"; ma=2592000,h3-T051=\":443\"; ma=2592000,h3-Q050=\":443\"; ma=2592000,h3-Q046=\":443\"; ma=2592000,h3-Q043=\":443\"; ma=2592000,quic=\":443\"; ma=2592000; v=\"46,43\""}
[info] ✔  functions: functions folder uploaded successfully 
[info] i  functions: creating Node.js 14 function addAdminRole(us-central1)... 
[debug] [2021-05-30T11:48:43.617Z] >>> HTTP REQUEST POST https://cloudfunctions.googleapis.com/v1/projects/fireblogs-d5b62/locations/us-central1/functions  
 {"name":"projects/fireblogs-d5b62/locations/us-central1/functions/addAdminRole","sourceUploadUrl":"https://storage.googleapis.com/gcf-upload-us-central1-6497fa49-2ccf-478f-b569-0b204f7eb575/586c4267-a77e-495a-a3bd-ca75afb3ecb3.zip?GoogleAccessId=service-198909423048@gcf-admin-robot.iam.gserviceaccount.com&Expires=1622377122&Signature=XSuaR9Ld9W%2BV5Bi9RDyYQYbB3Grqw%2F0Y1dyrsM53vazkikLjzUBQ4TEpJX9%2F9I%2Fi%2F5JiTeJdo9ZQ0bSr9uukO6nyy3hHiuZTqb3ABdw8%2Bwqhlke2%2BpK3a02Eh8IsPWvKgnmYYn9H6nTfghjLOwgzA8APuJUWCJF5zholq8ALApR%2BDKYYcXU7j1wTgK7GZrYAWsJnIq40sS3tT8A1k8Wp%2BXHqfYMd5lW9ZC824DXvGHqoQnqHght4XCfKS4D1HCEXTOTH2kYdNwulCPVwmAQetR5oXx2Cwi9zVOjESa0VTglM988ZUkE%2FfWfRHjNK8qJ%2BqJy8p%2B%2Bd3p3yuBW9cPxm0A%3D%3D","entryPoint":"addAdminRole","runtime":"nodejs14","httpsTrigger":{"securityLevel":"SECURE_OPTIONAL"},"labels":{"deployment-callable":"true","deployment-tool":"cli-firebase"},"environmentVariables":{"FIREBASE_CONFIG":"{\"projectId\":\"fireblogs-d5b62\",\"storageBucket\":\"fireblogs-d5b62.appspot.com\",\"locationId\":\"europe-west\"}"}}
[debug] [2021-05-30T11:48:44.233Z] <<< HTTP RESPONSE 200 {"content-type":"application/json; charset=UTF-8","vary":"X-Origin, Referer, Origin,Accept-Encoding","date":"Sun, 30 May 2021 11:48:44 GMT","server":"ESF","cache-control":"private","x-xss-protection":"0","x-frame-options":"SAMEORIGIN","x-content-type-options":"nosniff","alt-svc":"h3-29=\":443\"; ma=2592000,h3-T051=\":443\"; ma=2592000,h3-Q050=\":443\"; ma=2592000,h3-Q046=\":443\"; ma=2592000,h3-Q043=\":443\"; ma=2592000,quic=\":443\"; ma=2592000; v=\"46,43\"","accept-ranges":"none","transfer-encoding":"chunked"}
[debug] [2021-05-30T11:48:44.236Z] > refreshing access token with scopes: []
[debug] [2021-05-30T11:48:44.237Z] >>> HTTP REQUEST POST https://www.googleapis.com/oauth2/v3/token  
 <request body omitted>
[debug] [2021-05-30T11:48:44.467Z] <<< HTTP RESPONSE 200 {"cache-control":"no-cache, no-store, max-age=0, must-revalidate","pragma":"no-cache","date":"Sun, 30 May 2021 11:48:44 GMT","expires":"Mon, 01 Jan 1990 00:00:00 GMT","content-type":"application/json; charset=utf-8","vary":"X-Origin, Referer, Origin,Accept-Encoding","server":"scaffolding on HTTPServer2","x-xss-protection":"0","x-frame-options":"SAMEORIGIN","x-content-type-options":"nosniff","alt-svc":"h3-29=\":443\"; ma=2592000,h3-T051=\":443\"; ma=2592000,h3-Q050=\":443\"; ma=2592000,h3-Q046=\":443\"; ma=2592000,h3-Q043=\":443\"; ma=2592000,quic=\":443\"; ma=2592000; v=\"46,43\"","accept-ranges":"none","transfer-encoding":"chunked"}
[debug] [2021-05-30T11:48:44.502Z] >>> [apiv2][query] GET https://cloudfunctions.googleapis.com/v1/operations/ZmlyZWJsb2dzLWQ1YjYyL3VzLWNlbnRyYWwxL2FkZEFkbWluUm9sZS9BSGpJdUs1empZdw [none]
[debug] [2021-05-30T11:48:45.123Z] <<< [apiv2][status] GET https://cloudfunctions.googleapis.com/v1/operations/ZmlyZWJsb2dzLWQ1YjYyL3VzLWNlbnRyYWwxL2FkZEFkbWluUm9sZS9BSGpJdUs1empZdw 200
[debug] [2021-05-30T11:48:45.123Z] <<< [apiv2][body] GET https://cloudfunctions.googleapis.com/v1/operations/ZmlyZWJsb2dzLWQ1YjYyL3VzLWNlbnRyYWwxL2FkZEFkbWluUm9sZS9BSGpJdUs1empZdw {"name":"operations/ZmlyZWJsb2dzLWQ1YjYyL3VzLWNlbnRyYWwxL2FkZEFkbWluUm9sZS9BSGpJdUs1empZdw","metadata":{"@type":"type.googleapis.com/google.cloud.functions.v1.OperationMetadataV1","target":"projects/fireblogs-d5b62/locations/us-central1/functions/addAdminRole","type":"CREATE_FUNCTION","request":{"@type":"type.googleapis.com/google.cloud.functions.v1.CloudFunction","name":"projects/fireblogs-d5b62/locations/us-central1/functions/addAdminRole","httpsTrigger":{"securityLevel":"SECURE_OPTIONAL"},"entryPoint":"addAdminRole","labels":{"deployment-callable":"true","deployment-tool":"cli-firebase"},"sourceUploadUrl":"https://storage.googleapis.com/gcf-upload-us-central1-6497fa49-2ccf-478f-b569-0b204f7eb575/586c4267-a77e-495a-a3bd-ca75afb3ecb3.zip?GoogleAccessId=service-198909423048@gcf-admin-robot.iam.gserviceaccount.com&Expires=1622377122&Signature=XSuaR9Ld9W%2BV5Bi9RDyYQYbB3Grqw%2F0Y1dyrsM53vazkikLjzUBQ4TEpJX9%2F9I%2Fi%2F5JiTeJdo9ZQ0bSr9uukO6nyy3hHiuZTqb3ABdw8%2Bwqhlke2%2BpK3a02Eh8IsPWvKgnmYYn9H6nTfghjLOwgzA8APuJUWCJF5zholq8ALApR%2BDKYYcXU7j1wTgK7GZrYAWsJnIq40sS3tT8A1k8Wp%2BXHqfYMd5lW9ZC824DXvGHqoQnqHght4XCfKS4D1HCEXTOTH2kYdNwulCPVwmAQetR5oXx2Cwi9zVOjESa0VTglM988ZUkE%2FfWfRHjNK8qJ%2BqJy8p%2B%2Bd3p3yuBW9cPxm0A%3D%3D","environmentVariables":{"FIREBASE_CONFIG":"{\"projectId\":\"fireblogs-d5b62\",\"storageBucket\":\"fireblogs-d5b62.appspot.com\",\"locationId\":\"europe-west\"}"},"runtime":"nodejs14"},"versionId":"1","updateTime":"2021-05-30T11:48:44Z"}}
[debug] [2021-05-30T11:48:45.629Z] [create-projects/fireblogs-d5b62/locations/us-central1/functions/addAdminRole] Retrying task index 0
[debug] [2021-05-30T11:48:45.629Z] >>> [apiv2][query] GET https://cloudfunctions.googleapis.com/v1/operations/ZmlyZWJsb2dzLWQ1YjYyL3VzLWNlbnRyYWwxL2FkZEFkbWluUm9sZS9BSGpJdUs1empZdw [none]
[debug] [2021-05-30T11:48:46.298Z] <<< [apiv2][status] GET https://cloudfunctions.googleapis.com/v1/operations/ZmlyZWJsb2dzLWQ1YjYyL3VzLWNlbnRyYWwxL2FkZEFkbWluUm9sZS9BSGpJdUs1empZdw 200
[debug] [2021-05-30T11:48:46.298Z] <<< [apiv2][body] GET https://cloudfunctions.googleapis.com/v1/operations/ZmlyZWJsb2dzLWQ1YjYyL3VzLWNlbnRyYWwxL2FkZEFkbWluUm9sZS9BSGpJdUs1empZdw {"name":"operations/ZmlyZWJsb2dzLWQ1YjYyL3VzLWNlbnRyYWwxL2FkZEFkbWluUm9sZS9BSGpJdUs1empZdw","metadata":{"@type":"type.googleapis.com/google.cloud.functions.v1.OperationMetadataV1","target":"projects/fireblogs-d5b62/locations/us-central1/functions/addAdminRole","type":"CREATE_FUNCTION","request":{"@type":"type.googleapis.com/google.cloud.functions.v1.CloudFunction","name":"projects/fireblogs-d5b62/locations/us-central1/functions/addAdminRole","httpsTrigger":{"securityLevel":"SECURE_OPTIONAL"},"entryPoint":"addAdminRole","labels":{"deployment-callable":"true","deployment-tool":"cli-firebase"},"sourceUploadUrl":"https://storage.googleapis.com/gcf-upload-us-central1-6497fa49-2ccf-478f-b569-0b204f7eb575/586c4267-a77e-495a-a3bd-ca75afb3ecb3.zip?GoogleAccessId=service-198909423048@gcf-admin-robot.iam.gserviceaccount.com&Expires=1622377122&Signature=XSuaR9Ld9W%2BV5Bi9RDyYQYbB3Grqw%2F0Y1dyrsM53vazkikLjzUBQ4TEpJX9%2F9I%2Fi%2F5JiTeJdo9ZQ0bSr9uukO6nyy3hHiuZTqb3ABdw8%2Bwqhlke2%2BpK3a02Eh8IsPWvKgnmYYn9H6nTfghjLOwgzA8APuJUWCJF5zholq8ALApR%2BDKYYcXU7j1wTgK7GZrYAWsJnIq40sS3tT8A1k8Wp%2BXHqfYMd5lW9ZC824DXvGHqoQnqHght4XCfKS4D1HCEXTOTH2kYdNwulCPVwmAQetR5oXx2Cwi9zVOjESa0VTglM988ZUkE%2FfWfRHjNK8qJ%2BqJy8p%2B%2Bd3p3yuBW9cPxm0A%3D%3D","environmentVariables":{"FIREBASE_CONFIG":"{\"projectId\":\"fireblogs-d5b62\",\"storageBucket\":\"fireblogs-d5b62.appspot.com\",\"locationId\":\"europe-west\"}"},"runtime":"nodejs14"},"versionId":"1","updateTime":"2021-05-30T11:48:44Z"}}
[debug] [2021-05-30T11:48:47.302Z] [create-projects/fireblogs-d5b62/locations/us-central1/functions/addAdminRole] Retrying task index 0
[debug] [2021-05-30T11:48:47.302Z] >>> [apiv2][query] GET https://cloudfunctions.googleapis.com/v1/operations/ZmlyZWJsb2dzLWQ1YjYyL3VzLWNlbnRyYWwxL2FkZEFkbWluUm9sZS9BSGpJdUs1empZdw [none]
[debug] [2021-05-30T11:48:47.558Z] <<< [apiv2][status] GET https://cloudfunctions.googleapis.com/v1/operations/ZmlyZWJsb2dzLWQ1YjYyL3VzLWNlbnRyYWwxL2FkZEFkbWluUm9sZS9BSGpJdUs1empZdw 200
[debug] [2021-05-30T11:48:47.558Z] <<< [apiv2][body] GET https://cloudfunctions.googleapis.com/v1/operations/ZmlyZWJsb2dzLWQ1YjYyL3VzLWNlbnRyYWwxL2FkZEFkbWluUm9sZS9BSGpJdUs1empZdw {"name":"operations/ZmlyZWJsb2dzLWQ1YjYyL3VzLWNlbnRyYWwxL2FkZEFkbWluUm9sZS9BSGpJdUs1empZdw","metadata":{"@type":"type.googleapis.com/google.cloud.functions.v1.OperationMetadataV1","target":"projects/fireblogs-d5b62/locations/us-central1/functions/addAdminRole","type":"CREATE_FUNCTION","request":{"@type":"type.googleapis.com/google.cloud.functions.v1.CloudFunction","name":"projects/fireblogs-d5b62/locations/us-central1/functions/addAdminRole","httpsTrigger":{"securityLevel":"SECURE_OPTIONAL"},"entryPoint":"addAdminRole","labels":{"deployment-callable":"true","deployment-tool":"cli-firebase"},"sourceUploadUrl":"https://storage.googleapis.com/gcf-upload-us-central1-6497fa49-2ccf-478f-b569-0b204f7eb575/586c4267-a77e-495a-a3bd-ca75afb3ecb3.zip?GoogleAccessId=service-198909423048@gcf-admin-robot.iam.gserviceaccount.com&Expires=1622377122&Signature=XSuaR9Ld9W%2BV5Bi9RDyYQYbB3Grqw%2F0Y1dyrsM53vazkikLjzUBQ4TEpJX9%2F9I%2Fi%2F5JiTeJdo9ZQ0bSr9uukO6nyy3hHiuZTqb3ABdw8%2Bwqhlke2%2BpK3a02Eh8IsPWvKgnmYYn9H6nTfghjLOwgzA8APuJUWCJF5zholq8ALApR%2BDKYYcXU7j1wTgK7GZrYAWsJnIq40sS3tT8A1k8Wp%2BXHqfYMd5lW9ZC824DXvGHqoQnqHght4XCfKS4D1HCEXTOTH2kYdNwulCPVwmAQetR5oXx2Cwi9zVOjESa0VTglM988ZUkE%2FfWfRHjNK8qJ%2BqJy8p%2B%2Bd3p3yuBW9cPxm0A%3D%3D","environmentVariables":{"FIREBASE_CONFIG":"{\"projectId\":\"fireblogs-d5b62\",\"storageBucket\":\"fireblogs-d5b62.appspot.com\",\"locationId\":\"europe-west\"}"},"runtime":"nodejs14"},"versionId":"1","updateTime":"2021-05-30T11:48:44Z","buildId":"164ba844-9d3b-4912-97c3-8390bc50238f","buildName":"projects/198909423048/locations/us-central1/builds/164ba844-9d3b-4912-97c3-8390bc50238f"}}
[debug] [2021-05-30T11:48:49.559Z] [create-projects/fireblogs-d5b62/locations/us-central1/functions/addAdminRole] Retrying task index 0
[debug] [2021-05-30T11:48:49.560Z] >>> [apiv2][query] GET https://cloudfunctions.googleapis.com/v1/operations/ZmlyZWJsb2dzLWQ1YjYyL3VzLWNlbnRyYWwxL2FkZEFkbWluUm9sZS9BSGpJdUs1empZdw [none]
[debug] [2021-05-30T11:48:49.878Z] <<< [apiv2][status] GET https://cloudfunctions.googleapis.com/v1/operations/ZmlyZWJsb2dzLWQ1YjYyL3VzLWNlbnRyYWwxL2FkZEFkbWluUm9sZS9BSGpJdUs1empZdw 200
[debug] [2021-05-30T11:48:49.879Z] <<< [apiv2][body] GET https://cloudfunctions.googleapis.com/v1/operations/ZmlyZWJsb2dzLWQ1YjYyL3VzLWNlbnRyYWwxL2FkZEFkbWluUm9sZS9BSGpJdUs1empZdw {"name":"operations/ZmlyZWJsb2dzLWQ1YjYyL3VzLWNlbnRyYWwxL2FkZEFkbWluUm9sZS9BSGpJdUs1empZdw","metadata":{"@type":"type.googleapis.com/google.cloud.functions.v1.OperationMetadataV1","target":"projects/fireblogs-d5b62/locations/us-central1/functions/addAdminRole","type":"CREATE_FUNCTION","request":{"@type":"type.googleapis.com/google.cloud.functions.v1.CloudFunction","name":"projects/fireblogs-d5b62/locations/us-central1/functions/addAdminRole","httpsTrigger":{"securityLevel":"SECURE_OPTIONAL"},"entryPoint":"addAdminRole","labels":{"deployment-callable":"true","deployment-tool":"cli-firebase"},"sourceUploadUrl":"https://storage.googleapis.com/gcf-upload-us-central1-6497fa49-2ccf-478f-b569-0b204f7eb575/586c4267-a77e-495a-a3bd-ca75afb3ecb3.zip?GoogleAccessId=service-198909423048@gcf-admin-robot.iam.gserviceaccount.com&Expires=1622377122&Signature=XSuaR9Ld9W%2BV5Bi9RDyYQYbB3Grqw%2F0Y1dyrsM53vazkikLjzUBQ4TEpJX9%2F9I%2Fi%2F5JiTeJdo9ZQ0bSr9uukO6nyy3hHiuZTqb3ABdw8%2Bwqhlke2%2BpK3a02Eh8IsPWvKgnmYYn9H6nTfghjLOwgzA8APuJUWCJF5zholq8ALApR%2BDKYYcXU7j1wTgK7GZrYAWsJnIq40sS3tT8A1k8Wp%2BXHqfYMd5lW9ZC824DXvGHqoQnqHght4XCfKS4D1HCEXTOTH2kYdNwulCPVwmAQetR5oXx2Cwi9zVOjESa0VTglM988ZUkE%2FfWfRHjNK8qJ%2BqJy8p%2B%2Bd3p3yuBW9cPxm0A%3D%3D","environmentVariables":{"FIREBASE_CONFIG":"{\"projectId\":\"fireblogs-d5b62\",\"storageBucket\":\"fireblogs-d5b62.appspot.com\",\"locationId\":\"europe-west\"}"},"runtime":"nodejs14"},"versionId":"1","updateTime":"2021-05-30T11:48:44Z","buildId":"164ba844-9d3b-4912-97c3-8390bc50238f","buildName":"projects/198909423048/locations/us-central1/builds/164ba844-9d3b-4912-97c3-8390bc50238f"}}
[debug] [2021-05-30T11:48:53.879Z] [create-projects/fireblogs-d5b62/locations/us-central1/functions/addAdminRole] Retrying task index 0
[debug] [2021-05-30T11:48:53.879Z] >>> [apiv2][query] GET https://cloudfunctions.googleapis.com/v1/operations/ZmlyZWJsb2dzLWQ1YjYyL3VzLWNlbnRyYWwxL2FkZEFkbWluUm9sZS9BSGpJdUs1empZdw [none]
[debug] [2021-05-30T11:48:54.534Z] <<< [apiv2][status] GET https://cloudfunctions.googleapis.com/v1/operations/ZmlyZWJsb2dzLWQ1YjYyL3VzLWNlbnRyYWwxL2FkZEFkbWluUm9sZS9BSGpJdUs1empZdw 200
[debug] [2021-05-30T11:48:54.534Z] <<< [apiv2][body] GET https://cloudfunctions.googleapis.com/v1/operations/ZmlyZWJsb2dzLWQ1YjYyL3VzLWNlbnRyYWwxL2FkZEFkbWluUm9sZS9BSGpJdUs1empZdw {"name":"operations/ZmlyZWJsb2dzLWQ1YjYyL3VzLWNlbnRyYWwxL2FkZEFkbWluUm9sZS9BSGpJdUs1empZdw","metadata":{"@type":"type.googleapis.com/google.cloud.functions.v1.OperationMetadataV1","target":"projects/fireblogs-d5b62/locations/us-central1/functions/addAdminRole","type":"CREATE_FUNCTION","request":{"@type":"type.googleapis.com/google.cloud.functions.v1.CloudFunction","name":"projects/fireblogs-d5b62/locations/us-central1/functions/addAdminRole","httpsTrigger":{"securityLevel":"SECURE_OPTIONAL"},"entryPoint":"addAdminRole","labels":{"deployment-callable":"true","deployment-tool":"cli-firebase"},"sourceUploadUrl":"https://storage.googleapis.com/gcf-upload-us-central1-6497fa49-2ccf-478f-b569-0b204f7eb575/586c4267-a77e-495a-a3bd-ca75afb3ecb3.zip?GoogleAccessId=service-198909423048@gcf-admin-robot.iam.gserviceaccount.com&Expires=1622377122&Signature=XSuaR9Ld9W%2BV5Bi9RDyYQYbB3Grqw%2F0Y1dyrsM53vazkikLjzUBQ4TEpJX9%2F9I%2Fi%2F5JiTeJdo9ZQ0bSr9uukO6nyy3hHiuZTqb3ABdw8%2Bwqhlke2%2BpK3a02Eh8IsPWvKgnmYYn9H6nTfghjLOwgzA8APuJUWCJF5zholq8ALApR%2BDKYYcXU7j1wTgK7GZrYAWsJnIq40sS3tT8A1k8Wp%2BXHqfYMd5lW9ZC824DXvGHqoQnqHght4XCfKS4D1HCEXTOTH2kYdNwulCPVwmAQetR5oXx2Cwi9zVOjESa0VTglM988ZUkE%2FfWfRHjNK8qJ%2BqJy8p%2B%2Bd3p3yuBW9cPxm0A%3D%3D","environmentVariables":{"FIREBASE_CONFIG":"{\"projectId\":\"fireblogs-d5b62\",\"storageBucket\":\"fireblogs-d5b62.appspot.com\",\"locationId\":\"europe-west\"}"},"runtime":"nodejs14"},"versionId":"1","updateTime":"2021-05-30T11:48:44Z","buildId":"164ba844-9d3b-4912-97c3-8390bc50238f","buildName":"projects/198909423048/locations/us-central1/builds/164ba844-9d3b-4912-97c3-8390bc50238f"}}
[debug] [2021-05-30T11:49:02.540Z] [create-projects/fireblogs-d5b62/locations/us-central1/functions/addAdminRole] Retrying task index 0
[debug] [2021-05-30T11:49:02.540Z] >>> [apiv2][query] GET https://cloudfunctions.googleapis.com/v1/operations/ZmlyZWJsb2dzLWQ1YjYyL3VzLWNlbnRyYWwxL2FkZEFkbWluUm9sZS9BSGpJdUs1empZdw [none]
[debug] [2021-05-30T11:49:02.786Z] <<< [apiv2][status] GET https://cloudfunctions.googleapis.com/v1/operations/ZmlyZWJsb2dzLWQ1YjYyL3VzLWNlbnRyYWwxL2FkZEFkbWluUm9sZS9BSGpJdUs1empZdw 200
[debug] [2021-05-30T11:49:02.787Z] <<< [apiv2][body] GET https://cloudfunctions.googleapis.com/v1/operations/ZmlyZWJsb2dzLWQ1YjYyL3VzLWNlbnRyYWwxL2FkZEFkbWluUm9sZS9BSGpJdUs1empZdw {"name":"operations/ZmlyZWJsb2dzLWQ1YjYyL3VzLWNlbnRyYWwxL2FkZEFkbWluUm9sZS9BSGpJdUs1empZdw","metadata":{"@type":"type.googleapis.com/google.cloud.functions.v1.OperationMetadataV1","target":"projects/fireblogs-d5b62/locations/us-central1/functions/addAdminRole","type":"CREATE_FUNCTION","request":{"@type":"type.googleapis.com/google.cloud.functions.v1.CloudFunction","name":"projects/fireblogs-d5b62/locations/us-central1/functions/addAdminRole","httpsTrigger":{"securityLevel":"SECURE_OPTIONAL"},"entryPoint":"addAdminRole","labels":{"deployment-callable":"true","deployment-tool":"cli-firebase"},"sourceUploadUrl":"https://storage.googleapis.com/gcf-upload-us-central1-6497fa49-2ccf-478f-b569-0b204f7eb575/586c4267-a77e-495a-a3bd-ca75afb3ecb3.zip?GoogleAccessId=service-198909423048@gcf-admin-robot.iam.gserviceaccount.com&Expires=1622377122&Signature=XSuaR9Ld9W%2BV5Bi9RDyYQYbB3Grqw%2F0Y1dyrsM53vazkikLjzUBQ4TEpJX9%2F9I%2Fi%2F5JiTeJdo9ZQ0bSr9uukO6nyy3hHiuZTqb3ABdw8%2Bwqhlke2%2BpK3a02Eh8IsPWvKgnmYYn9H6nTfghjLOwgzA8APuJUWCJF5zholq8ALApR%2BDKYYcXU7j1wTgK7GZrYAWsJnIq40sS3tT8A1k8Wp%2BXHqfYMd5lW9ZC824DXvGHqoQnqHght4XCfKS4D1HCEXTOTH2kYdNwulCPVwmAQetR5oXx2Cwi9zVOjESa0VTglM988ZUkE%2FfWfRHjNK8qJ%2BqJy8p%2B%2Bd3p3yuBW9cPxm0A%3D%3D","environmentVariables":{"FIREBASE_CONFIG":"{\"projectId\":\"fireblogs-d5b62\",\"storageBucket\":\"fireblogs-d5b62.appspot.com\",\"locationId\":\"europe-west\"}"},"runtime":"nodejs14"},"versionId":"1","updateTime":"2021-05-30T11:48:44Z","buildId":"164ba844-9d3b-4912-97c3-8390bc50238f","buildName":"projects/198909423048/locations/us-central1/builds/164ba844-9d3b-4912-97c3-8390bc50238f"}}
[debug] [2021-05-30T11:49:18.788Z] [create-projects/fireblogs-d5b62/locations/us-central1/functions/addAdminRole] Retrying task index 0
[debug] [2021-05-30T11:49:18.788Z] >>> [apiv2][query] GET https://cloudfunctions.googleapis.com/v1/operations/ZmlyZWJsb2dzLWQ1YjYyL3VzLWNlbnRyYWwxL2FkZEFkbWluUm9sZS9BSGpJdUs1empZdw [none]
[debug] [2021-05-30T11:49:19.246Z] <<< [apiv2][status] GET https://cloudfunctions.googleapis.com/v1/operations/ZmlyZWJsb2dzLWQ1YjYyL3VzLWNlbnRyYWwxL2FkZEFkbWluUm9sZS9BSGpJdUs1empZdw 200
[debug] [2021-05-30T11:49:19.247Z] <<< [apiv2][body] GET https://cloudfunctions.googleapis.com/v1/operations/ZmlyZWJsb2dzLWQ1YjYyL3VzLWNlbnRyYWwxL2FkZEFkbWluUm9sZS9BSGpJdUs1empZdw {"name":"operations/ZmlyZWJsb2dzLWQ1YjYyL3VzLWNlbnRyYWwxL2FkZEFkbWluUm9sZS9BSGpJdUs1empZdw","metadata":{"@type":"type.googleapis.com/google.cloud.functions.v1.OperationMetadataV1","target":"projects/fireblogs-d5b62/locations/us-central1/functions/addAdminRole","type":"CREATE_FUNCTION","request":{"@type":"type.googleapis.com/google.cloud.functions.v1.CloudFunction","name":"projects/fireblogs-d5b62/locations/us-central1/functions/addAdminRole","httpsTrigger":{"securityLevel":"SECURE_OPTIONAL"},"entryPoint":"addAdminRole","labels":{"deployment-callable":"true","deployment-tool":"cli-firebase"},"sourceUploadUrl":"https://storage.googleapis.com/gcf-upload-us-central1-6497fa49-2ccf-478f-b569-0b204f7eb575/586c4267-a77e-495a-a3bd-ca75afb3ecb3.zip?GoogleAccessId=service-198909423048@gcf-admin-robot.iam.gserviceaccount.com&Expires=1622377122&Signature=XSuaR9Ld9W%2BV5Bi9RDyYQYbB3Grqw%2F0Y1dyrsM53vazkikLjzUBQ4TEpJX9%2F9I%2Fi%2F5JiTeJdo9ZQ0bSr9uukO6nyy3hHiuZTqb3ABdw8%2Bwqhlke2%2BpK3a02Eh8IsPWvKgnmYYn9H6nTfghjLOwgzA8APuJUWCJF5zholq8ALApR%2BDKYYcXU7j1wTgK7GZrYAWsJnIq40sS3tT8A1k8Wp%2BXHqfYMd5lW9ZC824DXvGHqoQnqHght4XCfKS4D1HCEXTOTH2kYdNwulCPVwmAQetR5oXx2Cwi9zVOjESa0VTglM988ZUkE%2FfWfRHjNK8qJ%2BqJy8p%2B%2Bd3p3yuBW9cPxm0A%3D%3D","environmentVariables":{"FIREBASE_CONFIG":"{\"projectId\":\"fireblogs-d5b62\",\"storageBucket\":\"fireblogs-d5b62.appspot.com\",\"locationId\":\"europe-west\"}"},"runtime":"nodejs14"},"versionId":"1","updateTime":"2021-05-30T11:48:44Z","buildId":"164ba844-9d3b-4912-97c3-8390bc50238f","buildName":"projects/198909423048/locations/us-central1/builds/164ba844-9d3b-4912-97c3-8390bc50238f"}}
[debug] [2021-05-30T11:49:51.252Z] [create-projects/fireblogs-d5b62/locations/us-central1/functions/addAdminRole] Retrying task index 0
[debug] [2021-05-30T11:49:51.253Z] >>> [apiv2][query] GET https://cloudfunctions.googleapis.com/v1/operations/ZmlyZWJsb2dzLWQ1YjYyL3VzLWNlbnRyYWwxL2FkZEFkbWluUm9sZS9BSGpJdUs1empZdw [none]
[debug] [2021-05-30T11:49:51.587Z] <<< [apiv2][status] GET https://cloudfunctions.googleapis.com/v1/operations/ZmlyZWJsb2dzLWQ1YjYyL3VzLWNlbnRyYWwxL2FkZEFkbWluUm9sZS9BSGpJdUs1empZdw 200
[debug] [2021-05-30T11:49:51.587Z] <<< [apiv2][body] GET https://cloudfunctions.googleapis.com/v1/operations/ZmlyZWJsb2dzLWQ1YjYyL3VzLWNlbnRyYWwxL2FkZEFkbWluUm9sZS9BSGpJdUs1empZdw {"name":"operations/ZmlyZWJsb2dzLWQ1YjYyL3VzLWNlbnRyYWwxL2FkZEFkbWluUm9sZS9BSGpJdUs1empZdw","metadata":{"@type":"type.googleapis.com/google.cloud.functions.v1.OperationMetadataV1","target":"projects/fireblogs-d5b62/locations/us-central1/functions/addAdminRole","type":"CREATE_FUNCTION","request":{"@type":"type.googleapis.com/google.cloud.functions.v1.CloudFunction","name":"projects/fireblogs-d5b62/locations/us-central1/functions/addAdminRole","httpsTrigger":{"securityLevel":"SECURE_OPTIONAL"},"entryPoint":"addAdminRole","labels":{"deployment-callable":"true","deployment-tool":"cli-firebase"},"sourceUploadUrl":"https://storage.googleapis.com/gcf-upload-us-central1-6497fa49-2ccf-478f-b569-0b204f7eb575/586c4267-a77e-495a-a3bd-ca75afb3ecb3.zip?GoogleAccessId=service-198909423048@gcf-admin-robot.iam.gserviceaccount.com&Expires=1622377122&Signature=XSuaR9Ld9W%2BV5Bi9RDyYQYbB3Grqw%2F0Y1dyrsM53vazkikLjzUBQ4TEpJX9%2F9I%2Fi%2F5JiTeJdo9ZQ0bSr9uukO6nyy3hHiuZTqb3ABdw8%2Bwqhlke2%2BpK3a02Eh8IsPWvKgnmYYn9H6nTfghjLOwgzA8APuJUWCJF5zholq8ALApR%2BDKYYcXU7j1wTgK7GZrYAWsJnIq40sS3tT8A1k8Wp%2BXHqfYMd5lW9ZC824DXvGHqoQnqHght4XCfKS4D1HCEXTOTH2kYdNwulCPVwmAQetR5oXx2Cwi9zVOjESa0VTglM988ZUkE%2FfWfRHjNK8qJ%2BqJy8p%2B%2Bd3p3yuBW9cPxm0A%3D%3D","environmentVariables":{"FIREBASE_CONFIG":"{\"projectId\":\"fireblogs-d5b62\",\"storageBucket\":\"fireblogs-d5b62.appspot.com\",\"locationId\":\"europe-west\"}"},"runtime":"nodejs14"},"versionId":"1","updateTime":"2021-05-30T11:48:44Z","buildId":"164ba844-9d3b-4912-97c3-8390bc50238f","sourceToken":"5b49183f-1c27-47a9-bca4-926cabcdcc6e","buildName":"projects/198909423048/locations/us-central1/builds/164ba844-9d3b-4912-97c3-8390bc50238f"}}
[debug] [2021-05-30T11:49:51.587Z] Got sourceToken 5b49183f-1c27-47a9-bca4-926cabcdcc6e for region us-central1
